<?xml version="1.0" encoding="UTF-8" ?>
<testsuites errors="0"
            failures="0"
            tests="0">

  <testsuite name="test-with-pageobjects"
    errors="0" failures="0" hostname="" id="" package="test-with-pageobjects" skipped="2"
    tests="0" time="0" timestamp="">
  

  
    <system-err>
        NoSuchElementError: An error occurred while running .click() command on &lt;.ant-input-search&gt;button&gt;: 
   {&#34;sessionId&#34;:&#34;4f3c0d06eae600d9aae9a21d7534df5e&#34;,&#34;status&#34;:0,&#34;value&#34;:[]}
   
    </system-err>
  

    

  
    
    <testcase
      name="e2e tests using page objects" classname="test-with-pageobjects">
      <skipped />
    </testcase>
    
    <testcase
      name="verify if string &#34;e2e-nightwatch&#34; is within the cli plugin links" classname="test-with-pageobjects">
      <skipped />
    </testcase>
    
  
  </testsuite>
</testsuites>
